2022-05-28 11:16:22.756  INFO 3664 --- [main] c.e.semestralka.SemestralkaApplication   : Starting SemestralkaApplication using Java 17.0.2 on LAPTOP-8KH90QPL with PID 3664 (D:\JAVA_PROGRAMS\Semestralka\target\classes started by Horky in D:\JAVA_PROGRAMS\Semestralka)
2022-05-28 11:16:22.762  INFO 3664 --- [main] c.e.semestralka.SemestralkaApplication   : The following 1 profile is active: "normal"
2022-05-28 11:16:23.408  INFO 3664 --- [main] .s.d.r.c.RepositoryConfigurationDelegate : Multiple Spring Data modules found, entering strict repository configuration mode!
2022-05-28 11:16:23.408  INFO 3664 --- [main] .s.d.r.c.RepositoryConfigurationDelegate : Bootstrapping Spring Data JPA repositories in DEFAULT mode.
2022-05-28 11:16:23.501  INFO 3664 --- [main] .RepositoryConfigurationExtensionSupport : Spring Data JPA - Could not safely identify store assignment for repository candidate interface com.example.semestralka.pocasi.PocasiRepository. If you want this repository to be a JPA repository, consider annotating your entities with one of these annotations: javax.persistence.Entity, javax.persistence.MappedSuperclass (preferred), or consider extending one of the following types with your repository: org.springframework.data.jpa.repository.JpaRepository.
2022-05-28 11:16:23.520  INFO 3664 --- [main] .s.d.r.c.RepositoryConfigurationDelegate : Finished Spring Data repository scanning in 100 ms. Found 2 JPA repository interfaces.
2022-05-28 11:16:23.545  INFO 3664 --- [main] .s.d.r.c.RepositoryConfigurationDelegate : Multiple Spring Data modules found, entering strict repository configuration mode!
2022-05-28 11:16:23.545  INFO 3664 --- [main] .s.d.r.c.RepositoryConfigurationDelegate : Bootstrapping Spring Data MongoDB repositories in DEFAULT mode.
2022-05-28 11:16:23.549  INFO 3664 --- [main] .RepositoryConfigurationExtensionSupport : Spring Data MongoDB - Could not safely identify store assignment for repository candidate interface com.example.semestralka.mesto.MestoRepository. If you want this repository to be a MongoDB repository, consider annotating your entities with one of these annotations: org.springframework.data.mongodb.core.mapping.Document (preferred), or consider extending one of the following types with your repository: org.springframework.data.mongodb.repository.MongoRepository.
2022-05-28 11:16:23.550  INFO 3664 --- [main] .RepositoryConfigurationExtensionSupport : Spring Data MongoDB - Could not safely identify store assignment for repository candidate interface com.example.semestralka.stat.StatRepository. If you want this repository to be a MongoDB repository, consider annotating your entities with one of these annotations: org.springframework.data.mongodb.core.mapping.Document (preferred), or consider extending one of the following types with your repository: org.springframework.data.mongodb.repository.MongoRepository.
2022-05-28 11:16:23.554  INFO 3664 --- [main] .s.d.r.c.RepositoryConfigurationDelegate : Finished Spring Data repository scanning in 8 ms. Found 1 MongoDB repository interfaces.
2022-05-28 11:16:24.018  INFO 3664 --- [main] o.s.b.w.embedded.tomcat.TomcatWebServer  : Tomcat initialized with port(s): 8080 (http)
2022-05-28 11:16:24.027  INFO 3664 --- [main] o.apache.catalina.core.StandardService   : Starting service [Tomcat]
2022-05-28 11:16:24.027  INFO 3664 --- [main] org.apache.catalina.core.StandardEngine  : Starting Servlet engine: [Apache Tomcat/9.0.62]
2022-05-28 11:16:24.122  INFO 3664 --- [main] o.a.c.c.C.[Tomcat].[localhost].[/]       : Initializing Spring embedded WebApplicationContext
2022-05-28 11:16:24.123  INFO 3664 --- [main] w.s.c.ServletWebServerApplicationContext : Root WebApplicationContext: initialization completed in 1307 ms
2022-05-28 11:16:24.296  INFO 3664 --- [main] o.hibernate.jpa.internal.util.LogHelper  : HHH000204: Processing PersistenceUnitInfo [name: default]
2022-05-28 11:16:24.348  INFO 3664 --- [main] org.hibernate.Version                    : HHH000412: Hibernate ORM core version 5.6.8.Final
2022-05-28 11:16:24.448  INFO 3664 --- [main] o.hibernate.annotations.common.Version   : HCANN000001: Hibernate Commons Annotations {5.1.2.Final}
2022-05-28 11:16:24.548  INFO 3664 --- [main] com.zaxxer.hikari.HikariDataSource       : HikariPool-1 - Starting...
2022-05-28 11:16:24.844  INFO 3664 --- [main] com.zaxxer.hikari.HikariDataSource       : HikariPool-1 - Start completed.
2022-05-28 11:16:24.858  INFO 3664 --- [main] org.hibernate.dialect.Dialect            : HHH000400: Using dialect: org.hibernate.dialect.PostgreSQLDialect
2022-05-28 11:16:25.483  INFO 3664 --- [main] o.h.e.t.j.p.i.JtaPlatformInitiator       : HHH000490: Using JtaPlatform implementation: [org.hibernate.engine.transaction.jta.platform.internal.NoJtaPlatform]
2022-05-28 11:16:25.491  INFO 3664 --- [main] j.LocalContainerEntityManagerFactoryBean : Initialized JPA EntityManagerFactory for persistence unit 'default'
2022-05-28 11:16:25.623  INFO 3664 --- [main] org.mongodb.driver.cluster               : Cluster created with settings {hosts=[localhost:27017], mode=SINGLE, requiredClusterType=UNKNOWN, serverSelectionTimeout='30000 ms'}
2022-05-28 11:16:25.665  INFO 3664 --- [cluster-ClusterId{value='6291e8696ac13870ee4ca61f', description='null'}-localhost:27017] org.mongodb.driver.cluster               : Exception in monitor thread while connecting to server localhost:27017

com.mongodb.MongoSocketOpenException: Exception opening socket
	at com.mongodb.internal.connection.SocketStream.open(SocketStream.java:70) ~[mongodb-driver-core-4.4.2.jar:na]
	at com.mongodb.internal.connection.InternalStreamConnection.open(InternalStreamConnection.java:180) ~[mongodb-driver-core-4.4.2.jar:na]
	at com.mongodb.internal.connection.DefaultServerMonitor$ServerMonitorRunnable.lookupServerDescription(DefaultServerMonitor.java:188) ~[mongodb-driver-core-4.4.2.jar:na]
	at com.mongodb.internal.connection.DefaultServerMonitor$ServerMonitorRunnable.run(DefaultServerMonitor.java:152) ~[mongodb-driver-core-4.4.2.jar:na]
	at java.base/java.lang.Thread.run(Thread.java:833) ~[na:na]
Caused by: java.net.ConnectException: Connection refused: no further information
	at java.base/sun.nio.ch.Net.pollConnect(Native Method) ~[na:na]
	at java.base/sun.nio.ch.Net.pollConnectNow(Net.java:672) ~[na:na]
	at java.base/sun.nio.ch.NioSocketImpl.timedFinishConnect(NioSocketImpl.java:549) ~[na:na]
	at java.base/sun.nio.ch.NioSocketImpl.connect(NioSocketImpl.java:597) ~[na:na]
	at java.base/java.net.SocksSocketImpl.connect(SocksSocketImpl.java:327) ~[na:na]
	at java.base/java.net.Socket.connect(Socket.java:633) ~[na:na]
	at com.mongodb.internal.connection.SocketStreamHelper.initialize(SocketStreamHelper.java:107) ~[mongodb-driver-core-4.4.2.jar:na]
	at com.mongodb.internal.connection.SocketStream.initializeSocket(SocketStream.java:79) ~[mongodb-driver-core-4.4.2.jar:na]
	at com.mongodb.internal.connection.SocketStream.open(SocketStream.java:65) ~[mongodb-driver-core-4.4.2.jar:na]
	... 4 common frames omitted

2022-05-28 11:16:25.892  INFO 3664 --- [main] org.mongodb.driver.cluster               : Cluster description not yet available. Waiting for 30000 ms before timing out
2022-05-28 11:17:28.990  INFO 3400 --- [main] c.e.semestralka.SemestralkaApplication   : Starting SemestralkaApplication using Java 17.0.2 on LAPTOP-8KH90QPL with PID 3400 (D:\JAVA_PROGRAMS\Semestralka\target\classes started by Horky in D:\JAVA_PROGRAMS\Semestralka)
2022-05-28 11:17:28.993  INFO 3400 --- [main] c.e.semestralka.SemestralkaApplication   : The following 1 profile is active: "normal"
2022-05-28 11:17:29.554  INFO 3400 --- [main] .s.d.r.c.RepositoryConfigurationDelegate : Multiple Spring Data modules found, entering strict repository configuration mode!
2022-05-28 11:17:29.554  INFO 3400 --- [main] .s.d.r.c.RepositoryConfigurationDelegate : Bootstrapping Spring Data JPA repositories in DEFAULT mode.
2022-05-28 11:17:29.587  INFO 3400 --- [main] .RepositoryConfigurationExtensionSupport : Spring Data JPA - Could not safely identify store assignment for repository candidate interface com.example.semestralka.pocasi.PocasiRepository. If you want this repository to be a JPA repository, consider annotating your entities with one of these annotations: javax.persistence.Entity, javax.persistence.MappedSuperclass (preferred), or consider extending one of the following types with your repository: org.springframework.data.jpa.repository.JpaRepository.
2022-05-28 11:17:29.604  INFO 3400 --- [main] .s.d.r.c.RepositoryConfigurationDelegate : Finished Spring Data repository scanning in 43 ms. Found 2 JPA repository interfaces.
2022-05-28 11:17:29.630  INFO 3400 --- [main] .s.d.r.c.RepositoryConfigurationDelegate : Multiple Spring Data modules found, entering strict repository configuration mode!
2022-05-28 11:17:29.630  INFO 3400 --- [main] .s.d.r.c.RepositoryConfigurationDelegate : Bootstrapping Spring Data MongoDB repositories in DEFAULT mode.
2022-05-28 11:17:29.634  INFO 3400 --- [main] .RepositoryConfigurationExtensionSupport : Spring Data MongoDB - Could not safely identify store assignment for repository candidate interface com.example.semestralka.mesto.MestoRepository. If you want this repository to be a MongoDB repository, consider annotating your entities with one of these annotations: org.springframework.data.mongodb.core.mapping.Document (preferred), or consider extending one of the following types with your repository: org.springframework.data.mongodb.repository.MongoRepository.
2022-05-28 11:17:29.636  INFO 3400 --- [main] .RepositoryConfigurationExtensionSupport : Spring Data MongoDB - Could not safely identify store assignment for repository candidate interface com.example.semestralka.stat.StatRepository. If you want this repository to be a MongoDB repository, consider annotating your entities with one of these annotations: org.springframework.data.mongodb.core.mapping.Document (preferred), or consider extending one of the following types with your repository: org.springframework.data.mongodb.repository.MongoRepository.
2022-05-28 11:17:29.638  INFO 3400 --- [main] .s.d.r.c.RepositoryConfigurationDelegate : Finished Spring Data repository scanning in 8 ms. Found 1 MongoDB repository interfaces.
2022-05-28 11:17:30.028  INFO 3400 --- [main] o.s.b.w.embedded.tomcat.TomcatWebServer  : Tomcat initialized with port(s): 8080 (http)
2022-05-28 11:17:30.034  INFO 3400 --- [main] o.apache.catalina.core.StandardService   : Starting service [Tomcat]
2022-05-28 11:17:30.034  INFO 3400 --- [main] org.apache.catalina.core.StandardEngine  : Starting Servlet engine: [Apache Tomcat/9.0.62]
2022-05-28 11:17:30.129  INFO 3400 --- [main] o.a.c.c.C.[Tomcat].[localhost].[/]       : Initializing Spring embedded WebApplicationContext
2022-05-28 11:17:30.129  INFO 3400 --- [main] w.s.c.ServletWebServerApplicationContext : Root WebApplicationContext: initialization completed in 1085 ms
2022-05-28 11:17:30.272  INFO 3400 --- [main] o.hibernate.jpa.internal.util.LogHelper  : HHH000204: Processing PersistenceUnitInfo [name: default]
2022-05-28 11:17:30.310  INFO 3400 --- [main] org.hibernate.Version                    : HHH000412: Hibernate ORM core version 5.6.8.Final
2022-05-28 11:17:30.416  INFO 3400 --- [main] o.hibernate.annotations.common.Version   : HCANN000001: Hibernate Commons Annotations {5.1.2.Final}
2022-05-28 11:17:30.494  INFO 3400 --- [main] com.zaxxer.hikari.HikariDataSource       : HikariPool-1 - Starting...
2022-05-28 11:17:30.667  INFO 3400 --- [main] com.zaxxer.hikari.HikariDataSource       : HikariPool-1 - Start completed.
2022-05-28 11:17:30.680  INFO 3400 --- [main] org.hibernate.dialect.Dialect            : HHH000400: Using dialect: org.hibernate.dialect.PostgreSQLDialect
2022-05-28 11:17:31.225  INFO 3400 --- [main] o.h.e.t.j.p.i.JtaPlatformInitiator       : HHH000490: Using JtaPlatform implementation: [org.hibernate.engine.transaction.jta.platform.internal.NoJtaPlatform]
2022-05-28 11:17:31.233  INFO 3400 --- [main] j.LocalContainerEntityManagerFactoryBean : Initialized JPA EntityManagerFactory for persistence unit 'default'
2022-05-28 11:17:31.341  INFO 3400 --- [main] org.mongodb.driver.cluster               : Cluster created with settings {hosts=[localhost:27017], mode=SINGLE, requiredClusterType=UNKNOWN, serverSelectionTimeout='30000 ms'}
2022-05-28 11:17:31.430  INFO 3400 --- [cluster-rtt-ClusterId{value='6291e8ab2448a37a1214c68a', description='null'}-localhost:27017] org.mongodb.driver.connection            : Opened connection [connectionId{localValue:2, serverValue:1}] to localhost:27017
2022-05-28 11:17:31.430  INFO 3400 --- [cluster-ClusterId{value='6291e8ab2448a37a1214c68a', description='null'}-localhost:27017] org.mongodb.driver.connection            : Opened connection [connectionId{localValue:1, serverValue:2}] to localhost:27017
2022-05-28 11:17:31.430  INFO 3400 --- [cluster-ClusterId{value='6291e8ab2448a37a1214c68a', description='null'}-localhost:27017] org.mongodb.driver.cluster               : Monitor thread successfully connected to server with description ServerDescription{address=localhost:27017, type=STANDALONE, state=CONNECTED, ok=true, minWireVersion=0, maxWireVersion=13, maxDocumentSize=16777216, logicalSessionTimeoutMinutes=30, roundTripTimeNanos=51625400}
2022-05-28 11:17:31.753  INFO 3400 --- [main] org.mongodb.driver.connection            : Opened connection [connectionId{localValue:3, serverValue:3}] to localhost:27017
2022-05-28 11:17:32.183  WARN 3400 --- [main] JpaBaseConfiguration$JpaWebConfiguration : spring.jpa.open-in-view is enabled by default. Therefore, database queries may be performed during view rendering. Explicitly configure spring.jpa.open-in-view to disable this warning
2022-05-28 11:17:32.438  INFO 3400 --- [main] o.s.b.w.embedded.tomcat.TomcatWebServer  : Tomcat started on port(s): 8080 (http) with context path ''
2022-05-28 11:17:32.556  INFO 3400 --- [main] c.e.semestralka.SemestralkaApplication   : Started SemestralkaApplication in 4.04 seconds (JVM running for 4.799)
2022-05-28 11:17:41.548  INFO 3400 --- [ThreadPoolTaskScheduler1] c.e.semestralka.config.ScheduleConfig    : Taking new data
2022-05-28 11:17:41.954  INFO 3400 --- [ThreadPoolTaskScheduler1] c.e.semestralka.pocasi.PocasiService     : no expiring recorrds
2022-05-28 11:17:50.551  INFO 3400 --- [ThreadPoolTaskScheduler1] c.e.semestralka.config.ScheduleConfig    : Taking new data
2022-05-28 11:17:50.762  INFO 3400 --- [ThreadPoolTaskScheduler1] c.e.semestralka.pocasi.PocasiService     : no expiring recorrds
2022-05-28 11:17:59.561  INFO 3400 --- [ThreadPoolTaskScheduler1] c.e.semestralka.config.ScheduleConfig    : Taking new data
2022-05-28 11:17:59.767  INFO 3400 --- [ThreadPoolTaskScheduler1] c.e.semestralka.pocasi.PocasiService     : no expiring recorrds
2022-05-28 11:18:08.561  INFO 3400 --- [ThreadPoolTaskScheduler1] c.e.semestralka.config.ScheduleConfig    : Taking new data
2022-05-28 11:18:08.716  INFO 3400 --- [ThreadPoolTaskScheduler1] c.e.semestralka.pocasi.PocasiService     : no expiring recorrds
2022-05-28 11:18:17.575  INFO 3400 --- [ThreadPoolTaskScheduler1] c.e.semestralka.config.ScheduleConfig    : Taking new data
2022-05-28 11:18:17.739  INFO 3400 --- [ThreadPoolTaskScheduler1] c.e.semestralka.pocasi.PocasiService     : no expiring recorrds
2022-05-28 11:18:26.579  INFO 3400 --- [ThreadPoolTaskScheduler1] c.e.semestralka.config.ScheduleConfig    : Taking new data
2022-05-28 11:18:26.732  INFO 3400 --- [ThreadPoolTaskScheduler1] c.e.semestralka.pocasi.PocasiService     : no expiring recorrds
2022-05-28 11:18:29.350  INFO 3400 --- [SpringApplicationShutdownHook] j.LocalContainerEntityManagerFactoryBean : Closing JPA EntityManagerFactory for persistence unit 'default'
2022-05-28 11:18:29.351  INFO 3400 --- [SpringApplicationShutdownHook] com.zaxxer.hikari.HikariDataSource       : HikariPool-1 - Shutdown initiated...
2022-05-28 11:18:29.354  INFO 3400 --- [SpringApplicationShutdownHook] com.zaxxer.hikari.HikariDataSource       : HikariPool-1 - Shutdown completed.
2022-05-28 12:16:54.314  INFO 14064 --- [main] c.e.semestralka.SemestralkaApplication   : Starting SemestralkaApplication using Java 17.0.2 on LAPTOP-8KH90QPL with PID 14064 (D:\JAVA_PROGRAMS\Semestralka\target\classes started by Horky in D:\JAVA_PROGRAMS\Semestralka)
2022-05-28 12:16:54.318  INFO 14064 --- [main] c.e.semestralka.SemestralkaApplication   : The following 1 profile is active: "normal"
2022-05-28 12:16:55.301  INFO 14064 --- [main] .s.d.r.c.RepositoryConfigurationDelegate : Multiple Spring Data modules found, entering strict repository configuration mode!
2022-05-28 12:16:55.301  INFO 14064 --- [main] .s.d.r.c.RepositoryConfigurationDelegate : Bootstrapping Spring Data JPA repositories in DEFAULT mode.
2022-05-28 12:16:55.358  INFO 14064 --- [main] .RepositoryConfigurationExtensionSupport : Spring Data JPA - Could not safely identify store assignment for repository candidate interface com.example.semestralka.pocasi.PocasiRepository. If you want this repository to be a JPA repository, consider annotating your entities with one of these annotations: javax.persistence.Entity, javax.persistence.MappedSuperclass (preferred), or consider extending one of the following types with your repository: org.springframework.data.jpa.repository.JpaRepository.
2022-05-28 12:16:55.386  INFO 14064 --- [main] .s.d.r.c.RepositoryConfigurationDelegate : Finished Spring Data repository scanning in 70 ms. Found 2 JPA repository interfaces.
2022-05-28 12:16:55.435  INFO 14064 --- [main] .s.d.r.c.RepositoryConfigurationDelegate : Multiple Spring Data modules found, entering strict repository configuration mode!
2022-05-28 12:16:55.435  INFO 14064 --- [main] .s.d.r.c.RepositoryConfigurationDelegate : Bootstrapping Spring Data MongoDB repositories in DEFAULT mode.
2022-05-28 12:16:55.450  INFO 14064 --- [main] .RepositoryConfigurationExtensionSupport : Spring Data MongoDB - Could not safely identify store assignment for repository candidate interface com.example.semestralka.mesto.MestoRepository. If you want this repository to be a MongoDB repository, consider annotating your entities with one of these annotations: org.springframework.data.mongodb.core.mapping.Document (preferred), or consider extending one of the following types with your repository: org.springframework.data.mongodb.repository.MongoRepository.
2022-05-28 12:16:55.454  INFO 14064 --- [main] .RepositoryConfigurationExtensionSupport : Spring Data MongoDB - Could not safely identify store assignment for repository candidate interface com.example.semestralka.stat.StatRepository. If you want this repository to be a MongoDB repository, consider annotating your entities with one of these annotations: org.springframework.data.mongodb.core.mapping.Document (preferred), or consider extending one of the following types with your repository: org.springframework.data.mongodb.repository.MongoRepository.
2022-05-28 12:16:55.461  INFO 14064 --- [main] .s.d.r.c.RepositoryConfigurationDelegate : Finished Spring Data repository scanning in 25 ms. Found 1 MongoDB repository interfaces.
2022-05-28 12:16:56.102  INFO 14064 --- [main] o.s.b.w.embedded.tomcat.TomcatWebServer  : Tomcat initialized with port(s): 8080 (http)
2022-05-28 12:16:56.112  INFO 14064 --- [main] o.apache.catalina.core.StandardService   : Starting service [Tomcat]
2022-05-28 12:16:56.112  INFO 14064 --- [main] org.apache.catalina.core.StandardEngine  : Starting Servlet engine: [Apache Tomcat/9.0.62]
2022-05-28 12:16:56.236  INFO 14064 --- [main] o.a.c.c.C.[Tomcat].[localhost].[/]       : Initializing Spring embedded WebApplicationContext
2022-05-28 12:16:56.236  INFO 14064 --- [main] w.s.c.ServletWebServerApplicationContext : Root WebApplicationContext: initialization completed in 1847 ms
2022-05-28 12:16:56.445  INFO 14064 --- [main] o.hibernate.jpa.internal.util.LogHelper  : HHH000204: Processing PersistenceUnitInfo [name: default]
2022-05-28 12:16:56.482  INFO 14064 --- [main] org.hibernate.Version                    : HHH000412: Hibernate ORM core version 5.6.8.Final
2022-05-28 12:16:56.654  INFO 14064 --- [main] o.hibernate.annotations.common.Version   : HCANN000001: Hibernate Commons Annotations {5.1.2.Final}
2022-05-28 12:16:56.768  INFO 14064 --- [main] com.zaxxer.hikari.HikariDataSource       : HikariPool-1 - Starting...
2022-05-28 12:16:56.966  INFO 14064 --- [main] com.zaxxer.hikari.HikariDataSource       : HikariPool-1 - Start completed.
2022-05-28 12:16:56.979  INFO 14064 --- [main] org.hibernate.dialect.Dialect            : HHH000400: Using dialect: org.hibernate.dialect.PostgreSQLDialect
2022-05-28 12:16:57.699  INFO 14064 --- [main] o.h.e.t.j.p.i.JtaPlatformInitiator       : HHH000490: Using JtaPlatform implementation: [org.hibernate.engine.transaction.jta.platform.internal.NoJtaPlatform]
2022-05-28 12:16:57.708  INFO 14064 --- [main] j.LocalContainerEntityManagerFactoryBean : Initialized JPA EntityManagerFactory for persistence unit 'default'
2022-05-28 12:16:57.819  INFO 14064 --- [main] org.mongodb.driver.cluster               : Cluster created with settings {hosts=[localhost:27017], mode=SINGLE, requiredClusterType=UNKNOWN, serverSelectionTimeout='30000 ms'}
2022-05-28 12:16:57.900  INFO 14064 --- [cluster-ClusterId{value='6291f699720a6f12156cccf2', description='null'}-localhost:27017] org.mongodb.driver.connection            : Opened connection [connectionId{localValue:1, serverValue:6}] to localhost:27017
2022-05-28 12:16:57.900  INFO 14064 --- [cluster-rtt-ClusterId{value='6291f699720a6f12156cccf2', description='null'}-localhost:27017] org.mongodb.driver.connection            : Opened connection [connectionId{localValue:2, serverValue:5}] to localhost:27017
2022-05-28 12:16:57.900  INFO 14064 --- [cluster-ClusterId{value='6291f699720a6f12156cccf2', description='null'}-localhost:27017] org.mongodb.driver.cluster               : Monitor thread successfully connected to server with description ServerDescription{address=localhost:27017, type=STANDALONE, state=CONNECTED, ok=true, minWireVersion=0, maxWireVersion=13, maxDocumentSize=16777216, logicalSessionTimeoutMinutes=30, roundTripTimeNanos=42743200}
2022-05-28 12:16:58.322  INFO 14064 --- [main] org.mongodb.driver.connection            : Opened connection [connectionId{localValue:3, serverValue:7}] to localhost:27017
2022-05-28 12:16:58.820  WARN 14064 --- [main] JpaBaseConfiguration$JpaWebConfiguration : spring.jpa.open-in-view is enabled by default. Therefore, database queries may be performed during view rendering. Explicitly configure spring.jpa.open-in-view to disable this warning
2022-05-28 12:16:59.146  INFO 14064 --- [main] o.s.b.w.embedded.tomcat.TomcatWebServer  : Tomcat started on port(s): 8080 (http) with context path ''
2022-05-28 12:16:59.269  INFO 14064 --- [main] c.e.semestralka.SemestralkaApplication   : Started SemestralkaApplication in 5.608 seconds (JVM running for 6.771)
2022-05-28 12:17:08.277  INFO 14064 --- [ThreadPoolTaskScheduler1] c.e.semestralka.config.ScheduleConfig    : Taking new data
2022-05-28 12:17:08.676  INFO 14064 --- [ThreadPoolTaskScheduler1] c.e.semestralka.pocasi.PocasiService     : no expiring recorrds
2022-05-28 12:17:17.280  INFO 14064 --- [ThreadPoolTaskScheduler1] c.e.semestralka.config.ScheduleConfig    : Taking new data
2022-05-28 12:17:17.426  INFO 14064 --- [ThreadPoolTaskScheduler1] c.e.semestralka.pocasi.PocasiService     : no expiring recorrds
2022-05-28 12:17:26.283  INFO 14064 --- [ThreadPoolTaskScheduler1] c.e.semestralka.config.ScheduleConfig    : Taking new data
2022-05-28 12:17:26.428  INFO 14064 --- [ThreadPoolTaskScheduler1] c.e.semestralka.pocasi.PocasiService     : no expiring recorrds
2022-05-28 12:17:35.294  INFO 14064 --- [ThreadPoolTaskScheduler1] c.e.semestralka.config.ScheduleConfig    : Taking new data
2022-05-28 12:17:35.473  INFO 14064 --- [ThreadPoolTaskScheduler1] c.e.semestralka.pocasi.PocasiService     : no expiring recorrds
2022-05-28 12:17:44.299  INFO 14064 --- [ThreadPoolTaskScheduler1] c.e.semestralka.config.ScheduleConfig    : Taking new data
2022-05-28 12:17:44.462  INFO 14064 --- [ThreadPoolTaskScheduler1] c.e.semestralka.pocasi.PocasiService     : no expiring recorrds
2022-05-28 12:17:53.304  INFO 14064 --- [ThreadPoolTaskScheduler1] c.e.semestralka.config.ScheduleConfig    : Taking new data
2022-05-28 12:17:53.460  INFO 14064 --- [ThreadPoolTaskScheduler1] c.e.semestralka.pocasi.PocasiService     : no expiring recorrds
2022-05-28 12:18:02.318  INFO 14064 --- [ThreadPoolTaskScheduler1] c.e.semestralka.config.ScheduleConfig    : Taking new data
2022-05-28 12:18:02.484  INFO 14064 --- [ThreadPoolTaskScheduler1] c.e.semestralka.pocasi.PocasiService     : no expiring recorrds
2022-05-28 12:18:11.321  INFO 14064 --- [ThreadPoolTaskScheduler1] c.e.semestralka.config.ScheduleConfig    : Taking new data
2022-05-28 12:18:11.469  INFO 14064 --- [ThreadPoolTaskScheduler1] c.e.semestralka.pocasi.PocasiService     : no expiring recorrds
2022-05-28 12:18:20.322  INFO 14064 --- [ThreadPoolTaskScheduler1] c.e.semestralka.config.ScheduleConfig    : Taking new data
2022-05-28 12:18:20.503  INFO 14064 --- [ThreadPoolTaskScheduler1] c.e.semestralka.pocasi.PocasiService     : no expiring recorrds
2022-05-28 12:18:29.325  INFO 14064 --- [ThreadPoolTaskScheduler1] c.e.semestralka.config.ScheduleConfig    : Taking new data
2022-05-28 12:18:29.472  INFO 14064 --- [ThreadPoolTaskScheduler1] c.e.semestralka.pocasi.PocasiService     : no expiring recorrds
2022-05-28 12:18:38.325  INFO 14064 --- [ThreadPoolTaskScheduler1] c.e.semestralka.config.ScheduleConfig    : Taking new data
2022-05-28 12:18:38.541  INFO 14064 --- [ThreadPoolTaskScheduler1] c.e.semestralka.pocasi.PocasiService     : no expiring recorrds
2022-05-28 12:18:47.335  INFO 14064 --- [ThreadPoolTaskScheduler1] c.e.semestralka.config.ScheduleConfig    : Taking new data
2022-05-28 12:18:47.508  INFO 14064 --- [ThreadPoolTaskScheduler1] c.e.semestralka.pocasi.PocasiService     : no expiring recorrds
2022-05-28 12:18:56.337  INFO 14064 --- [ThreadPoolTaskScheduler1] c.e.semestralka.config.ScheduleConfig    : Taking new data
2022-05-28 12:18:56.544  INFO 14064 --- [ThreadPoolTaskScheduler1] c.e.semestralka.pocasi.PocasiService     : no expiring recorrds
2022-05-28 12:19:05.350  INFO 14064 --- [ThreadPoolTaskScheduler1] c.e.semestralka.config.ScheduleConfig    : Taking new data
2022-05-28 12:19:05.500  INFO 14064 --- [ThreadPoolTaskScheduler1] c.e.semestralka.pocasi.PocasiService     : no expiring recorrds
2022-05-28 12:19:08.884  INFO 14064 --- [http-nio-8080-exec-2] o.a.c.c.C.[Tomcat].[localhost].[/]       : Initializing Spring DispatcherServlet 'dispatcherServlet'
2022-05-28 12:19:08.885  INFO 14064 --- [http-nio-8080-exec-2] o.s.web.servlet.DispatcherServlet        : Initializing Servlet 'dispatcherServlet'
2022-05-28 12:19:08.886  INFO 14064 --- [http-nio-8080-exec-2] o.s.web.servlet.DispatcherServlet        : Completed initialization in 1 ms
2022-05-28 12:19:14.365  INFO 14064 --- [ThreadPoolTaskScheduler1] c.e.semestralka.config.ScheduleConfig    : Taking new data
2022-05-28 12:19:14.522  INFO 14064 --- [ThreadPoolTaskScheduler1] c.e.semestralka.pocasi.PocasiService     : no expiring recorrds
2022-05-28 12:19:23.378  INFO 14064 --- [ThreadPoolTaskScheduler1] c.e.semestralka.config.ScheduleConfig    : Taking new data
2022-05-28 12:19:23.562  INFO 14064 --- [ThreadPoolTaskScheduler1] c.e.semestralka.pocasi.PocasiService     : no expiring recorrds
2022-05-28 12:19:32.390  INFO 14064 --- [ThreadPoolTaskScheduler1] c.e.semestralka.config.ScheduleConfig    : Taking new data
2022-05-28 12:19:32.541  INFO 14064 --- [ThreadPoolTaskScheduler1] c.e.semestralka.pocasi.PocasiService     : no expiring recorrds
2022-05-28 12:19:41.391  INFO 14064 --- [ThreadPoolTaskScheduler1] c.e.semestralka.config.ScheduleConfig    : Taking new data
2022-05-28 12:19:41.551  INFO 14064 --- [ThreadPoolTaskScheduler1] c.e.semestralka.pocasi.PocasiService     : no expiring recorrds
2022-05-28 12:19:50.404  INFO 14064 --- [ThreadPoolTaskScheduler1] c.e.semestralka.config.ScheduleConfig    : Taking new data
2022-05-28 12:19:50.577  INFO 14064 --- [ThreadPoolTaskScheduler1] c.e.semestralka.pocasi.PocasiService     : no expiring recorrds
